<?xml version="1.0" encoding="UTF-8"?>
<!-- Generated by org.testng.reporters.JUnitReportReporter -->
<testsuite hostname="LAPTOP-1D8K0B0C" failures="0" tests="5" name="tests.Login" time="12.331" errors="0" timestamp="2024-03-11T15:39:21 IST" skipped="0">
  <testcase classname="tests.Login" name="LoginValidUsernameAndPassword" time="4.370"/>
  <system-out/>
  <testcase classname="tests.Login" name="LoginValidUsernameAndInvalidPassword" time="2.148"/>
  <system-out/>
  <testcase classname="tests.Login" name="LoginInvalidUsernameAndvalidPassword" time="1.967"/>
  <system-out/>
  <testcase classname="tests.Login" name="LoginInvalidUsernameAndInvalidPassword" time="1.966"/>
  <system-out/>
  <testcase classname="tests.Login" name="EmailFieldTestWithNumbers" time="1.880"/>
  <system-out/>
</testsuite> <!-- tests.Login -->
