<?xml version="1.0" encoding="UTF-8"?>
<!-- Generated by org.testng.reporters.JUnitReportReporter -->
<testsuite hostname="LAPTOP-1D8K0B0C" failures="0" tests="1" name="tests.RegistrationEndToEndTest" time="3.038" errors="0" timestamp="2024-03-21T13:58:33 IST" skipped="0">
  <testcase classname="tests.RegistrationEndToEndTest" name="RegistrationTest" time="3.038"/>
  <system-out/>
</testsuite> <!-- tests.RegistrationEndToEndTest -->
