<?xml version="1.0" encoding="UTF-8"?>
<!-- Generated by org.testng.reporters.JUnitReportReporter -->
<testsuite hostname="LAPTOP-1D8K0B0C" failures="0" tests="4" name="tests.LoginTests" time="12.416" errors="0" timestamp="2024-03-21T13:58:33 IST" skipped="0">
  <testcase classname="tests.LoginTests" name="LoginValidUsernameAndPassword" time="3.569"/>
  <system-out/>
  <testcase classname="tests.LoginTests" name="LoginValidUsernameAndInvalidPassword" time="2.585"/>
  <system-out/>
  <testcase classname="tests.LoginTests" name="LoginInvalidUsernameAndvalidPassword" time="3.476"/>
  <system-out/>
  <testcase classname="tests.LoginTests" name="LoginInvalidUsernameAndInvalidPassword" time="2.786"/>
  <system-out/>
</testsuite> <!-- tests.LoginTests -->
