<?xml version="1.0" encoding="UTF-8"?>
<!-- Generated by org.testng.reporters.JUnitReportReporter -->
<testsuite hostname="LAPTOP-1D8K0B0C" failures="0" tests="1" name="tests.SettingTests" time="8.638" errors="0" timestamp="2024-03-21T13:58:33 IST" skipped="0">
  <testcase classname="tests.SettingTests" name="ChangePasswordTest" time="8.638"/>
  <system-out/>
</testsuite> <!-- tests.SettingTests -->
