<?xml version="1.0" encoding="UTF-8"?>
<!-- Generated by org.testng.reporters.JUnitReportReporter -->
<testsuite hostname="LAPTOP-1D8K0B0C" failures="0" tests="3" name="tests.AddContactsTests" time="16.512" errors="0" timestamp="2024-03-21T13:58:33 IST" skipped="0">
  <testcase classname="tests.AddContactsTests" name="AddContact" time="5.905"/>
  <system-out/>
  <testcase classname="tests.AddContactsTests" name="AddContact" time="5.466"/>
  <system-out/>
  <testcase classname="tests.AddContactsTests" name="AddContact" time="5.141"/>
  <system-out/>
</testsuite> <!-- tests.AddContactsTests -->
