<?xml version="1.0" encoding="UTF-8"?>
<!-- Generated by org.testng.reporters.JUnitReportReporter -->
<testsuite hostname="LAPTOP-1D8K0B0C" failures="0" tests="2" name="tests.ViewContactTest" time="11.429" errors="0" timestamp="2024-03-21T13:58:33 IST" skipped="0">
  <testcase classname="tests.ViewContactTest" name="UpdateContactTest" time="6.790"/>
  <system-out/>
  <testcase classname="tests.ViewContactTest" name="DeleteContactTest" time="4.639"/>
  <system-out/>
</testsuite> <!-- tests.ViewContactTest -->
